Request method:	POST
Request URI:	https://rahulshettyacademy.com/maps/api/place/add/json?key=qaclick123
Proxy:			<none>
Request params:	<none>
Query params:	key=qaclick123
Form params:	<none>
Path params:	<none>
Headers:		Accept=*/*
				Content-Type=application/json
Cookies:		<none>
Multiparts:		<none>
Body:
{
    "location": {
        "lat": -32.2564136,
        "lng": 33.365248
    },
    "accuracy": 44,
    "name": "Mannu Bhau",
    "phone_number": "(+91) 890 765 4321",
    "address": "Kolkatta",
    "types": [
        "Malprabha river",
        "Forest",
        "Wild animals can be seen here"
    ],
    "website": null,
    "language": "Bengali"
}
HTTP/1.1 200 OK
Date: Mon, 17 Oct 2022 09:48:13 GMT
Server: Apache/2.4.41 (Ubuntu)
Access-Control-Allow-Origin: *
Access-Control-Allow-Methods: POST
Access-Control-Max-Age: 3600
Access-Control-Allow-Headers: Content-Type, Access-Control-Allow-Headers, Authorization, X-Requested-With
Content-Length: 194
Keep-Alive: timeout=5, max=100
Connection: Keep-Alive
Content-Type: application/json;charset=UTF-8

{
    "status": "OK",
    "place_id": "5109e42402d2932718d1648c3a82d8a8",
    "scope": "APP",
    "reference": "c32ee66d00dd94fb479119ffc8ea6dd1c32ee66d00dd94fb479119ffc8ea6dd1",
    "id": "c32ee66d00dd94fb479119ffc8ea6dd1"
}
Request method:	GET
Request URI:	https://rahulshettyacademy.com/maps/api/place/get/json?key=qaclick123&place_id=5109e42402d2932718d1648c3a82d8a8
Proxy:			<none>
Request params:	<none>
Query params:	key=qaclick123
				place_id=5109e42402d2932718d1648c3a82d8a8
Form params:	<none>
Path params:	<none>
Headers:		Accept=*/*
Cookies:		<none>
Multiparts:		<none>
Body:			<none>
HTTP/1.1 200 OK
Date: Mon, 17 Oct 2022 09:48:15 GMT
Server: Apache/2.4.41 (Ubuntu)
Access-Control-Allow-Origin: *
Access-Control-Allow-Methods: POST
Access-Control-Max-Age: 3600
Access-Control-Allow-Headers: Content-Type, Access-Control-Allow-Headers, Authorization, X-Requested-With
Content-Length: 253
Keep-Alive: timeout=5, max=100
Connection: Keep-Alive
Content-Type: application/json;charset=UTF-8

{
    "location": {
        "latitude": "-32.2564136",
        "longitude": "33.365248"
    },
    "accuracy": "44",
    "name": "Mannu Bhau",
    "phone_number": "(+91) 890 765 4321",
    "address": "Kolkatta",
    "types": "Malprabha river,Forest,Wild animals can be seen here",
    "website": "",
    "language": "Bengali"
}
Request method:	POST
Request URI:	https://rahulshettyacademy.com/maps/api/place/delete/json?key=qaclick123
Proxy:			<none>
Request params:	<none>
Query params:	key=qaclick123
Form params:	<none>
Path params:	<none>
Headers:		Accept=*/*
				Content-Type=text/plain; charset=ISO-8859-1
Cookies:		<none>
Multiparts:		<none>
Body:
{
    "place_id":"5109e42402d2932718d1648c3a82d8a8"
}
HTTP/1.1 200 OK
Date: Mon, 17 Oct 2022 09:48:16 GMT
Server: Apache/2.4.41 (Ubuntu)
Access-Control-Allow-Origin: *
Access-Control-Allow-Methods: POST
Access-Control-Max-Age: 3600
Access-Control-Allow-Headers: Content-Type, Access-Control-Allow-Headers, Authorization, X-Requested-With
Content-Length: 15
Keep-Alive: timeout=5, max=100
Connection: Keep-Alive
Content-Type: application/json;charset=UTF-8

{
    "status": "OK"
}
